<testsuites id="" name="" tests="74" failures="0" skipped="74" errors="0" time="0.3572199999999999">
<testsuite name="debug\console-errors-debug.spec.ts" timestamp="2025-06-06T14:15:54.494Z" hostname="chromium" tests="1" failures="0" skipped="1" time="0" errors="0">
<testcase name="Console Errors Debug › should identify specific console errors on each route" classname="debug\console-errors-debug.spec.ts" time="0">
<skipped>
</skipped>
</testcase>
</testsuite>
<testsuite name="demo\record-demo.spec.ts" timestamp="2025-06-06T14:15:54.494Z" hostname="chromium" tests="1" failures="0" skipped="1" time="0" errors="0">
<testcase name="AI Workflow Studio - Professional Demo Recording › Record comprehensive demo video" classname="demo\record-demo.spec.ts" time="0">
<skipped>
</skipped>
</testcase>
</testsuite>
<testsuite name="e2e\ai-workflow-studio.spec.ts" timestamp="2025-06-06T14:15:54.494Z" hostname="chromium" tests="19" failures="0" skipped="19" time="0" errors="0">
<testcase name="AI Workflow Studio - Comprehensive E2E Tests › should load the AI Workflow Studio without errors" classname="e2e\ai-workflow-studio.spec.ts" time="0">
<skipped>
</skipped>
</testcase>
<testcase name="AI Workflow Studio - Comprehensive E2E Tests › should authenticate user successfully" classname="e2e\ai-workflow-studio.spec.ts" time="0">
<skipped>
</skipped>
</testcase>
<testcase name="AI Workflow Studio - Comprehensive E2E Tests › should display Smart Onboarding for new users" classname="e2e\ai-workflow-studio.spec.ts" time="0">
<skipped>
</skipped>
</testcase>
<testcase name="AI Workflow Studio - Comprehensive E2E Tests › should handle Interactive Tutorial system" classname="e2e\ai-workflow-studio.spec.ts" time="0">
<skipped>
</skipped>
</testcase>
<testcase name="AI Workflow Studio - Comprehensive E2E Tests › should display and interact with Contextual Help" classname="e2e\ai-workflow-studio.spec.ts" time="0">
<skipped>
</skipped>
</testcase>
<testcase name="AI Workflow Studio - Comprehensive E2E Tests › should navigate node library categories" classname="e2e\ai-workflow-studio.spec.ts" time="0">
<skipped>
</skipped>
</testcase>
<testcase name="AI Workflow Studio - Comprehensive E2E Tests › should support drag and drop functionality" classname="e2e\ai-workflow-studio.spec.ts" time="0">
<skipped>
</skipped>
</testcase>
<testcase name="AI Workflow Studio - Comprehensive E2E Tests › should handle workflow saving" classname="e2e\ai-workflow-studio.spec.ts" time="0">
<skipped>
</skipped>
</testcase>
<testcase name="AI Workflow Studio - Comprehensive E2E Tests › should handle workflow execution" classname="e2e\ai-workflow-studio.spec.ts" time="0">
<skipped>
</skipped>
</testcase>
<testcase name="AI Workflow Studio - Comprehensive E2E Tests › should be responsive across different screen sizes" classname="e2e\ai-workflow-studio.spec.ts" time="0">
<skipped>
</skipped>
</testcase>
<testcase name="AI Workflow Studio - Comprehensive E2E Tests › should handle error scenarios gracefully" classname="e2e\ai-workflow-studio.spec.ts" time="0">
<skipped>
</skipped>
</testcase>
<testcase name="Performance Tests › should load within acceptable time limits" classname="e2e\ai-workflow-studio.spec.ts" time="0">
<skipped>
</skipped>
</testcase>
<testcase name="Performance Tests › should handle large workflows efficiently" classname="e2e\ai-workflow-studio.spec.ts" time="0">
<skipped>
</skipped>
</testcase>
<testcase name="Enhanced Tutorial System Tests › should open comprehensive tutorial system" classname="e2e\ai-workflow-studio.spec.ts" time="0">
<skipped>
</skipped>
</testcase>
<testcase name="Enhanced Tutorial System Tests › should open progress tracker with all tabs" classname="e2e\ai-workflow-studio.spec.ts" time="0">
<skipped>
</skipped>
</testcase>
<testcase name="Enhanced Tutorial System Tests › should display gamification elements" classname="e2e\ai-workflow-studio.spec.ts" time="0">
<skipped>
</skipped>
</testcase>
<testcase name="Enhanced Tutorial System Tests › should display AI optimization insights" classname="e2e\ai-workflow-studio.spec.ts" time="0">
<skipped>
</skipped>
</testcase>
<testcase name="Accessibility Tests › should be keyboard navigable" classname="e2e\ai-workflow-studio.spec.ts" time="0">
<skipped>
</skipped>
</testcase>
<testcase name="Accessibility Tests › should have proper ARIA labels" classname="e2e\ai-workflow-studio.spec.ts" time="0">
<skipped>
</skipped>
</testcase>
</testsuite>
<testsuite name="e2e\auth-pages.spec.ts" timestamp="2025-06-06T14:15:54.494Z" hostname="chromium" tests="5" failures="0" skipped="5" time="0" errors="0">
<testcase name="Authentication Pages Testing › should navigate to login page" classname="e2e\auth-pages.spec.ts" time="0">
<skipped>
</skipped>
</testcase>
<testcase name="Authentication Pages Testing › should navigate to register page" classname="e2e\auth-pages.spec.ts" time="0">
<skipped>
</skipped>
</testcase>
<testcase name="Authentication Pages Testing › should display login form elements" classname="e2e\auth-pages.spec.ts" time="0">
<skipped>
</skipped>
</testcase>
<testcase name="Authentication Pages Testing › should display register form elements" classname="e2e\auth-pages.spec.ts" time="0">
<skipped>
</skipped>
</testcase>
<testcase name="Authentication Pages Testing › should handle 404 for non-existent auth routes" classname="e2e\auth-pages.spec.ts" time="0">
<skipped>
</skipped>
</testcase>
</testsuite>
<testsuite name="e2e\broken-links-detection.spec.ts" timestamp="2025-06-06T14:15:54.494Z" hostname="chromium" tests="2" failures="0" skipped="2" time="0" errors="0">
<testcase name="Broken Links Detection › should detect all broken links across the application" classname="e2e\broken-links-detection.spec.ts" time="0">
<skipped>
</skipped>
</testcase>
<testcase name="Broken Links Detection › should specifically check navigation menu links" classname="e2e\broken-links-detection.spec.ts" time="0">
<skipped>
</skipped>
</testcase>
</testsuite>
<testsuite name="e2e\comprehensive-testing.spec.ts" timestamp="2025-06-06T14:15:54.494Z" hostname="chromium" tests="5" failures="0" skipped="5" time="0" errors="0">
<testcase name="Comprehensive End-to-End Testing › should test all public routes systematically" classname="e2e\comprehensive-testing.spec.ts" time="0">
<skipped>
</skipped>
</testcase>
<testcase name="Comprehensive End-to-End Testing › should test protected routes with mock authentication" classname="e2e\comprehensive-testing.spec.ts" time="0">
<skipped>
</skipped>
</testcase>
<testcase name="Comprehensive End-to-End Testing › should perform comprehensive responsive design testing" classname="e2e\comprehensive-testing.spec.ts" time="0">
<skipped>
</skipped>
</testcase>
<testcase name="Comprehensive End-to-End Testing › should validate accessibility standards" classname="e2e\comprehensive-testing.spec.ts" time="0">
<skipped>
</skipped>
</testcase>
<testcase name="Comprehensive End-to-End Testing › should generate comprehensive quality report" classname="e2e\comprehensive-testing.spec.ts" time="0">
<skipped>
</skipped>
</testcase>
</testsuite>
<testsuite name="e2e\landing-page-comprehensive.spec.ts" timestamp="2025-06-06T14:15:54.494Z" hostname="chromium" tests="11" failures="0" skipped="11" time="0" errors="0">
<testcase name="Landing Page Comprehensive Testing › should load landing page without console errors" classname="e2e\landing-page-comprehensive.spec.ts" time="0">
<skipped>
</skipped>
</testcase>
<testcase name="Landing Page Comprehensive Testing › should display Hero Section correctly" classname="e2e\landing-page-comprehensive.spec.ts" time="0">
<skipped>
</skipped>
</testcase>
<testcase name="Landing Page Comprehensive Testing › should display Demo Video Section" classname="e2e\landing-page-comprehensive.spec.ts" time="0">
<skipped>
</skipped>
</testcase>
<testcase name="Landing Page Comprehensive Testing › should display main content sections" classname="e2e\landing-page-comprehensive.spec.ts" time="0">
<skipped>
</skipped>
</testcase>
<testcase name="Landing Page Comprehensive Testing › should display Features Section" classname="e2e\landing-page-comprehensive.spec.ts" time="0">
<skipped>
</skipped>
</testcase>
<testcase name="Landing Page Comprehensive Testing › should display all landing page sections" classname="e2e\landing-page-comprehensive.spec.ts" time="0">
<skipped>
</skipped>
</testcase>
<testcase name="Landing Page Comprehensive Testing › should have working navigation links" classname="e2e\landing-page-comprehensive.spec.ts" time="0">
<skipped>
</skipped>
</testcase>
<testcase name="Landing Page Comprehensive Testing › should display AR section" classname="e2e\landing-page-comprehensive.spec.ts" time="0">
<skipped>
</skipped>
</testcase>
<testcase name="Landing Page Comprehensive Testing › should show basic content" classname="e2e\landing-page-comprehensive.spec.ts" time="0">
<skipped>
</skipped>
</testcase>
<testcase name="Landing Page Comprehensive Testing › should display basic features" classname="e2e\landing-page-comprehensive.spec.ts" time="0">
<skipped>
</skipped>
</testcase>
<testcase name="Landing Page Comprehensive Testing › should have responsive design" classname="e2e\landing-page-comprehensive.spec.ts" time="0">
<skipped>
</skipped>
</testcase>
</testsuite>
<testsuite name="e2e\page-by-page-testing.spec.ts" timestamp="2025-06-06T14:15:54.494Z" hostname="chromium" tests="9" failures="0" skipped="9" time="0" errors="0">
<testcase name="Page-by-Page Testing Suite › should test page: /" classname="e2e\page-by-page-testing.spec.ts" time="0">
<skipped>
</skipped>
</testcase>
<testcase name="Page-by-Page Testing Suite › should test page: /features" classname="e2e\page-by-page-testing.spec.ts" time="0">
<skipped>
</skipped>
</testcase>
<testcase name="Page-by-Page Testing Suite › should test page: /pricing" classname="e2e\page-by-page-testing.spec.ts" time="0">
<skipped>
</skipped>
</testcase>
<testcase name="Page-by-Page Testing Suite › should test page: /templates" classname="e2e\page-by-page-testing.spec.ts" time="0">
<skipped>
</skipped>
</testcase>
<testcase name="Page-by-Page Testing Suite › should test page: /about" classname="e2e\page-by-page-testing.spec.ts" time="0">
<skipped>
</skipped>
</testcase>
<testcase name="Page-by-Page Testing Suite › should test page: /contact" classname="e2e\page-by-page-testing.spec.ts" time="0">
<skipped>
</skipped>
</testcase>
<testcase name="Page-by-Page Testing Suite › should test page: /documentation" classname="e2e\page-by-page-testing.spec.ts" time="0">
<skipped>
</skipped>
</testcase>
<testcase name="Page-by-Page Testing Suite › should test page: /auth" classname="e2e\page-by-page-testing.spec.ts" time="0">
<skipped>
</skipped>
</testcase>
<testcase name="Page-by-Page Testing Suite › should generate comprehensive page testing report" classname="e2e\page-by-page-testing.spec.ts" time="0">
<skipped>
</skipped>
</testcase>
</testsuite>
<testsuite name="e2e\protected-pages-testing.spec.ts" timestamp="2025-06-06T14:15:54.494Z" hostname="chromium" tests="10" failures="0" skipped="10" time="0" errors="0">
<testcase name="Protected Pages Testing Suite › should test protected page: /account" classname="e2e\protected-pages-testing.spec.ts" time="0">
<skipped>
</skipped>
</testcase>
<testcase name="Protected Pages Testing Suite › should test protected page: /dashboard" classname="e2e\protected-pages-testing.spec.ts" time="0">
<skipped>
</skipped>
</testcase>
<testcase name="Protected Pages Testing Suite › should test protected page: /projects" classname="e2e\protected-pages-testing.spec.ts" time="0">
<skipped>
</skipped>
</testcase>
<testcase name="Protected Pages Testing Suite › should test protected page: /builder" classname="e2e\protected-pages-testing.spec.ts" time="0">
<skipped>
</skipped>
</testcase>
<testcase name="Protected Pages Testing Suite › should test protected page: /ai-workflow-studio" classname="e2e\protected-pages-testing.spec.ts" time="0">
<skipped>
</skipped>
</testcase>
<testcase name="Protected Pages Testing Suite › should test protected page: /ai-ecosystem-playground" classname="e2e\protected-pages-testing.spec.ts" time="0">
<skipped>
</skipped>
</testcase>
<testcase name="Protected Pages Testing Suite › should test protected page: /billing" classname="e2e\protected-pages-testing.spec.ts" time="0">
<skipped>
</skipped>
</testcase>
<testcase name="Protected Pages Testing Suite › should test protected page: /settings" classname="e2e\protected-pages-testing.spec.ts" time="0">
<skipped>
</skipped>
</testcase>
<testcase name="Protected Pages Testing Suite › should test protected page: /profile" classname="e2e\protected-pages-testing.spec.ts" time="0">
<skipped>
</skipped>
</testcase>
<testcase name="Protected Pages Testing Suite › should generate comprehensive protected pages report" classname="e2e\protected-pages-testing.spec.ts" time="0">
<skipped>
</skipped>
</testcase>
</testsuite>
<testsuite name="e2e\quick-fixes-verification.spec.ts" timestamp="2025-06-06T14:15:54.494Z" hostname="chromium" tests="5" failures="0" skipped="5" time="0" errors="0">
<testcase name="Quick Fixes Verification › should verify all fixed routes are working" classname="e2e\quick-fixes-verification.spec.ts" time="0">
<skipped>
</skipped>
</testcase>
<testcase name="Quick Fixes Verification › should verify social media footer is present" classname="e2e\quick-fixes-verification.spec.ts" time="0">
<skipped>
</skipped>
</testcase>
<testcase name="Quick Fixes Verification › should verify demo video link is fixed" classname="e2e\quick-fixes-verification.spec.ts" time="0">
<skipped>
</skipped>
</testcase>
<testcase name="Quick Fixes Verification › should verify workflow studio link is fixed" classname="e2e\quick-fixes-verification.spec.ts" time="0">
<skipped>
</skipped>
</testcase>
<testcase name="Quick Fixes Verification › should generate final verification report" classname="e2e\quick-fixes-verification.spec.ts" time="0">
<skipped>
</skipped>
</testcase>
</testsuite>
<testsuite name="e2e\record-demo.spec.ts" timestamp="2025-06-06T14:15:54.494Z" hostname="chromium" tests="6" failures="0" skipped="6" time="0" errors="0">
<testcase name="AI Workflow Studio Demo Recording › Record complete demo video" classname="e2e\record-demo.spec.ts" time="0">
<skipped>
</skipped>
</testcase>
<testcase name="AI Workflow Studio Demo Recording › Record individual demo sections" classname="e2e\record-demo.spec.ts" time="0">
<skipped>
</skipped>
</testcase>
<testcase name="AI Workflow Studio Demo Recording › Record demo with authentication" classname="e2e\record-demo.spec.ts" time="0">
<skipped>
</skipped>
</testcase>
<testcase name="AI Workflow Studio Demo Recording › Record tutorial system showcase" classname="e2e\record-demo.spec.ts" time="0">
<skipped>
</skipped>
</testcase>
<testcase name="AI Workflow Studio Demo Recording › Record performance and features showcase" classname="e2e\record-demo.spec.ts" time="0">
<skipped>
</skipped>
</testcase>
<testcase name="Video Post-Processing › Generate video metadata and optimization info" classname="e2e\record-demo.spec.ts" time="0">
<skipped>
</skipped>
</testcase>
</testsuite>
</testsuites>